<?xml version="1.0" encoding="UTF-8"?>
<!-- Generated by org.testng.reporters.JUnitReportReporter -->
<testsuite skipped="0" hostname="LAPTOP-HHN7D2TC" name="com.ebanking.scripts.SampleNG" tests="2" failures="0" timestamp="2020-08-11T12:28:47 IST" time="44.794" errors="0">
  <testcase name="qrp" time="22.631" classname="com.ebanking.scripts.SampleNG"/>
  <testcase name="pqr" time="22.163" classname="com.ebanking.scripts.SampleNG"/>
</testsuite> <!-- com.ebanking.scripts.SampleNG -->
