<?xml version="1.0" encoding="UTF-8"?>
<!-- Generated by org.testng.reporters.JUnitReportReporter -->
<testsuite skipped="0" hostname="LAPTOP-HHN7D2TC" name="com.ebanking.master.RoleNG" tests="3" failures="0" timestamp="2020-08-12T12:37:42 IST" time="28.267" errors="0">
  <testcase name="Rol" time="9.511" classname="com.ebanking.master.RoleNG"/>
  <testcase name="Rol" time="9.202" classname="com.ebanking.master.RoleNG"/>
  <testcase name="Rol" time="9.554" classname="com.ebanking.master.RoleNG"/>
</testsuite> <!-- com.ebanking.master.RoleNG -->
