<?xml version="1.0" encoding="UTF-8"?>
<!-- Generated by org.testng.reporters.JUnitReportReporter -->
<testsuite skipped="0" hostname="LAPTOP-HHN7D2TC" name="com.ebanking.master.Excel" tests="1" failures="0" timestamp="2020-08-11T12:32:01 IST" time="51.683" errors="0">
  <testcase name="abc" time="51.683" classname="com.ebanking.master.Excel"/>
</testsuite> <!-- com.ebanking.master.Excel -->
